ISim log file
Running: /home/student2/s22srith/coe758/project 2/pong2/pong/vga_isim_beh.exe -intstyle ise -gui -tclbatch isim.cmd -wdb /home/student2/s22srith/coe758/project 2/pong2/pong/vga_isim_beh.wdb 
INFO: There is another simulation running in the same directory. Using database file name isim1.wdb.
ISim O.87xd (signature 0x8ddf5b5d)
----------------------------------------------------------------------
INFO:Security:51 - The XILINXD_LICENSE_FILE environment variable is not set.
INFO:Security:52 - The LM_LICENSE_FILE environment variable is set to '/CMC/licenses/xilinx.license'.
WARNING:Security:43 - No license file was found in the standard Xilinx license directory.
WARNING:Security:44 - Since no license file was found,
       please run the Xilinx License Configuration Manager
       (xlcm or "Manage Xilinx Licenses")
       to assist in obtaining a license.
WARNING:Security:42 - Your software subscription period has lapsed. Your current version of Xilinx tools will continue to function, but you no longer qualify for Xilinx software updates or new releases.


----------------------------------------------------------------------
This is a Full version of ISim.
Time resolution is 1 ps
# onerror resume
# wave add /
# run 1000 ns
Simulator is doing circuit initialization process.
Finished circuit initialization process.
# isim force add /vga/clk 1 -radix bin -value 0 -radix bin -time 25 ns -repeat 50 ns
# isim force add /vga/clk 1 -radix bin -value 0 -radix bin -time 500 ns -repeat 1 us
# isim force add /vga/clk 1 -radix bin -value 0 -radix bin -time 500 ns -repeat 1 us
# isim force add /vga/clk 1 -radix bin -value 0 -radix bin -time 500 ns -repeat 1 us
# run all
Stopped at time : 731492 us : File "/home/student2/s22srith/coe758/project 2/pong2/pong/vga.vhd" Line 103
INFO: There is another simulation running in the same directory. Using database file name isim1.wdb.
ISim O.87xd (signature 0x8ddf5b5d)
----------------------------------------------------------------------
INFO:Security:51 - The XILINXD_LICENSE_FILE environment variable is not set.
INFO:Security:52 - The LM_LICENSE_FILE environment variable is set to '/CMC/licenses/xilinx.license'.
WARNING:Security:43 - No license file was found in the standard Xilinx license directory.
WARNING:Security:44 - Since no license file was found,
       please run the Xilinx License Configuration Manager
       (xlcm or "Manage Xilinx Licenses")
       to assist in obtaining a license.
WARNING:Security:42 - Your software subscription period has lapsed. Your current version of Xilinx tools will continue to function, but you no longer qualify for Xilinx software updates or new releases.


----------------------------------------------------------------------
This is a Full version of ISim.
# run 1000 ns
Simulator is doing circuit initialization process.
Finished circuit initialization process.
INFO: There is another simulation running in the same directory. Using database file name isim1.wdb.
ISim O.87xd (signature 0x8ddf5b5d)
----------------------------------------------------------------------
INFO:Security:51 - The XILINXD_LICENSE_FILE environment variable is not set.
INFO:Security:52 - The LM_LICENSE_FILE environment variable is set to '/CMC/licenses/xilinx.license'.
WARNING:Security:43 - No license file was found in the standard Xilinx license directory.
WARNING:Security:44 - Since no license file was found,
       please run the Xilinx License Configuration Manager
       (xlcm or "Manage Xilinx Licenses")
       to assist in obtaining a license.
WARNING:Security:42 - Your software subscription period has lapsed. Your current version of Xilinx tools will continue to function, but you no longer qualify for Xilinx software updates or new releases.


----------------------------------------------------------------------
This is a Full version of ISim.
# run 1000 ns
Simulator is doing circuit initialization process.
Finished circuit initialization process.
# run all
# run all
# isim force add /vga/clk 1 -radix bin -value 0 -radix bin -time 500 ns -repeat 1 us
# run all
